{
  "stats": {
    "suites": 1,
    "tests": 1,
    "passes": 0,
    "pending": 0,
    "failures": 1,
    "start": "2024-04-22T09:25:40.458Z",
    "end": "2024-04-22T09:26:08.490Z",
    "duration": 28032,
    "testsRegistered": 1,
    "passPercent": 0,
    "pendingPercent": 0,
    "other": 0,
    "hasOther": false,
    "skipped": 0,
    "hasSkipped": false
  },
  "results": [
    {
      "uuid": "f2d8d21e-caf2-4686-8e4a-3cc432c6f48c",
      "title": "",
      "fullFile": "cypress\\e2e\\frames.cy.js",
      "file": "cypress\\e2e\\frames.cy.js",
      "beforeHooks": [],
      "afterHooks": [],
      "tests": [],
      "suites": [
        {
          "uuid": "26a26790-0ec4-4d41-b7c5-d03d86a84738",
          "title": "js frames",
          "fullFile": "",
          "file": "",
          "beforeHooks": [],
          "afterHooks": [],
          "tests": [
            {
              "title": "myframe approach1",
              "fullTitle": "js frames myframe approach1",
              "timedOut": null,
              "duration": 22813,
              "state": "failed",
              "speed": null,
              "pass": false,
              "fail": true,
              "pending": false,
              "context": "{\n  \"title\": \"cypress-mochawesome-reporter-screenshots\",\n  \"value\": [\n    [\n      \"\\\\frames.cy.js\\\\js frames -- myframe approach1 (failed).png\"\n    ]\n  ]\n}",
              "code": "cy.visit(\"https://the-internet.herokuapp.com/iframe\");\nconst iframe = cy.get(\"#mce_0_ifr\").its('0.contentDocument.body').should('be.visible').then(cy.wrap);\n//iframe.clear().type(\"welcome {ctr+a}\");\n//cy.get(\"svg\").click()\ncy.get(\"[focusable='false']\").click();",
              "err": {
                "message": "CypressError: `cy.click()` can only be called on a single element. Your subject contained 16 elements. Pass `{ multiple: true }` if you want to serially click each element.\n\nhttps://on.cypress.io/click",
                "estack": "CypressError: `cy.click()` can only be called on a single element. Your subject contained 16 elements. Pass `{ multiple: true }` if you want to serially click each element.\n\nhttps://on.cypress.io/click\n    at mouseAction (https://the-internet.herokuapp.com/__cypress/runner/cypress_runner.js:111540:68)\n    at Context.click (https://the-internet.herokuapp.com/__cypress/runner/cypress_runner.js:111707:14)\n    at wrapped (https://the-internet.herokuapp.com/__cypress/runner/cypress_runner.js:138387:19)\nFrom Your Spec Code:\n    at Context.eval (webpack://cypress-automation/./cypress/e2e/frames.cy.js:12:38)",
                "diff": null
              },
              "uuid": "13924b1b-d30e-4397-8de2-93bf89a365f8",
              "parentUUID": "26a26790-0ec4-4d41-b7c5-d03d86a84738",
              "isHook": false,
              "skipped": false
            }
          ],
          "suites": [],
          "passes": [],
          "failures": [
            "13924b1b-d30e-4397-8de2-93bf89a365f8"
          ],
          "pending": [],
          "skipped": [],
          "duration": 22813,
          "root": false,
          "rootEmpty": false,
          "_timeout": 2000
        }
      ],
      "passes": [],
      "failures": [],
      "pending": [],
      "skipped": [],
      "duration": 0,
      "root": true,
      "rootEmpty": true,
      "_timeout": 2000
    }
  ],
  "meta": {
    "mocha": {
      "version": "7.0.1"
    },
    "mochawesome": {
      "options": {
        "quiet": false,
        "reportFilename": "mochawesome",
        "saveHtml": false,
        "saveJson": true,
        "consoleReporter": "spec",
        "useInlineDiffs": false,
        "code": true
      },
      "version": "7.1.3"
    },
    "marge": {
      "options": {
        "overwrite": false,
        "html": false,
        "json": true,
        "reportDir": "cypress\\reports\\html\\.jsons"
      },
      "version": "6.2.0"
    }
  }
}