{
  "stats": {
    "suites": 3,
    "tests": 4,
    "passes": 4,
    "pending": 0,
    "failures": 0,
    "start": "2024-04-22T09:30:28.659Z",
    "end": "2024-04-22T09:30:50.709Z",
    "duration": 22050,
    "testsRegistered": 4,
    "passPercent": 100,
    "pendingPercent": 0,
    "other": 0,
    "hasOther": false,
    "skipped": 0,
    "hasSkipped": false
  },
  "results": [
    {
      "uuid": "88aa88d7-0f8e-462c-be66-ce0d8be5eb2f",
      "title": "",
      "fullFile": "cypress\\e2e\\store.cy.js",
      "file": "cypress\\e2e\\store.cy.js",
      "beforeHooks": [],
      "afterHooks": [],
      "tests": [],
      "suites": [
        {
          "uuid": "0dd3f2f1-733b-4d47-9622-ac96ca7196a6",
          "title": "store app",
          "fullFile": "",
          "file": "",
          "beforeHooks": [],
          "afterHooks": [],
          "tests": [],
          "suites": [
            {
              "uuid": "e15f2985-ddd1-49e1-bf84-79f5da7c14da",
              "title": "Login page",
              "fullFile": "",
              "file": "",
              "beforeHooks": [],
              "afterHooks": [],
              "tests": [
                {
                  "title": "login functionality",
                  "fullTitle": "store app Login page login functionality",
                  "timedOut": null,
                  "duration": 6178,
                  "state": "passed",
                  "speed": "medium",
                  "pass": true,
                  "fail": false,
                  "pending": false,
                  "context": null,
                  "code": "cy.fixture('store').then(data => {\n  data.forEach(userdata => {\n    const myLogin = new _storelogin.default();\n    myLogin.setUsername(userdata.username);\n    myLogin.setPassword(userdata.password);\n    myLogin.setButton();\n    if (userdata.username === 'pavanol' && userdata.password === 'test@123') {\n      myLogin.verifyLogin();\n      myLogin.verifyLogout();\n    } else if (userdata.username === 'pavonol' && userdata.password != 'test@123') {\n      myLogin.verifyAlert(\"Please fill out Username and Password.\");\n    }\n    // else if (userdata.password ==='test@123' && userdata.username!='pavanol')\n    // {\n    //     myLogin.verifyAlert(\"wrong username\")\n    // }\n    else {\n      myLogin.verifyAlert(\"Please fill out Username and Password.\");\n    }\n  });\n});",
                  "err": {},
                  "uuid": "b7f88b90-07fd-4409-a5b6-7f6e8e5438e6",
                  "parentUUID": "e15f2985-ddd1-49e1-bf84-79f5da7c14da",
                  "isHook": false,
                  "skipped": false
                }
              ],
              "suites": [],
              "passes": [
                "b7f88b90-07fd-4409-a5b6-7f6e8e5438e6"
              ],
              "failures": [],
              "pending": [],
              "skipped": [],
              "duration": 6178,
              "root": false,
              "rootEmpty": false,
              "_timeout": 2000
            },
            {
              "uuid": "ba7fa1ed-036e-4ff6-9e5b-651acbcaa974",
              "title": "home page",
              "fullFile": "",
              "file": "",
              "beforeHooks": [],
              "afterHooks": [],
              "tests": [
                {
                  "title": "contact page verification",
                  "fullTitle": "store app home page contact page verification",
                  "timedOut": null,
                  "duration": 2316,
                  "state": "passed",
                  "speed": "fast",
                  "pass": true,
                  "fail": false,
                  "pending": false,
                  "context": null,
                  "code": "cy.get(\"a[data-target='#exampleModal']\").click({\n  force: true\n});\n//verifying the existance of the contact email \ncy.get(\"#recipient-email\").should(\"exist\").type(\"testing@gmail.com\", {\n  force: true\n});\ncy.get(\"#recipient-name\").should(\"exist\").type(\"adwoa\", {\n  force: true\n});\ncy.get(\"#message-text\").should(\"exist\").type(\"hello there i'm currently using your platform\", {\n  force: true\n});\ncy.get(\"[onclick='send()']\").click({\n  force: true\n});\n//verifing the pop up message after you click on the send message button\ncy.on('window:confirm', t => {\n  expect(t).to.contains(\"Thanks for the message!!\");\n});",
                  "err": {},
                  "uuid": "4a169033-513a-450b-92f6-d3c4afa0d9a2",
                  "parentUUID": "ba7fa1ed-036e-4ff6-9e5b-651acbcaa974",
                  "isHook": false,
                  "skipped": false
                },
                {
                  "title": "verifying the Cart functionality",
                  "fullTitle": "store app home page verifying the Cart functionality",
                  "timedOut": null,
                  "duration": 3638,
                  "state": "passed",
                  "speed": "fast",
                  "pass": true,
                  "fail": false,
                  "pending": false,
                  "context": null,
                  "code": "cy.get(\"#cartur\").click({\n  force: true\n});\ncy.url().should(\"contain\", \"https://demoblaze.com/cart.html\");\ncy.get(\"div[class='col-lg-8'] h2\").should(\"contain\", 'Products');\ncy.get(\"div[class='col-lg-1'] h2\").should(\"contain\", \"Total\");\n//verifying place order functionality\ncy.get(\".btn.btn-success\").click({\n  force: true\n});\ncy.get(\"#orderModalLabel\").should(\"exist\");\ncy.get(\"#totalm\").should('exist');\ncy.get(\"#name\").should('exist');\ncy.get(\"#country\").should('exist');\ncy.get(\"#city\").should('exist');\ncy.get(\"#card\").should('exist');\ncy.get(\"#month\").should('exist');\ncy.get(\"#name\").should('exist');\ncy.get(\"#year\").should('exist');\n//verifying the input boxes in the cart functionality\ncy.Cart(\"#name\").type(\"berries\");\ncy.Cart(\"#country\").type(\"berries\");\ncy.Cart(\"#city\").type(\"california\");\ncy.Cart(\"#card\").type(\"12323\");\ncy.Cart(\"#month\").type(\"berries\");\ncy.Cart(\"#year\").type(\"berries\");\ncy.get(\"[onclick='purchaseOrder()']\").click();\n//verifying the alert message\n// wait for the alert to appear\ncy.window().then(win => {\n  cy.stub(win, 'prompt').returns('Thank you for your purchase');\n});",
                  "err": {},
                  "uuid": "1b8210d3-d4d7-4d36-8464-858bd3b5107b",
                  "parentUUID": "ba7fa1ed-036e-4ff6-9e5b-651acbcaa974",
                  "isHook": false,
                  "skipped": false
                },
                {
                  "title": "verify items",
                  "fullTitle": "store app home page verify items",
                  "timedOut": null,
                  "duration": 3822,
                  "state": "passed",
                  "speed": "fast",
                  "pass": true,
                  "fail": false,
                  "pending": false,
                  "context": null,
                  "code": "cy.get(\"a[id='nava'] img\").should(\"exist\");\ncy.myItems().should('be.visible').find('a').eq(4).click();\ncy.url().should('contain', 'https://demoblaze.com/prod.html?idp_=3');\n//verifying the phone functionality",
                  "err": {},
                  "uuid": "b9105250-4918-4486-9616-e7d060a0d09c",
                  "parentUUID": "ba7fa1ed-036e-4ff6-9e5b-651acbcaa974",
                  "isHook": false,
                  "skipped": false
                }
              ],
              "suites": [],
              "passes": [
                "4a169033-513a-450b-92f6-d3c4afa0d9a2",
                "1b8210d3-d4d7-4d36-8464-858bd3b5107b",
                "b9105250-4918-4486-9616-e7d060a0d09c"
              ],
              "failures": [],
              "pending": [],
              "skipped": [],
              "duration": 9776,
              "root": false,
              "rootEmpty": false,
              "_timeout": 2000
            }
          ],
          "passes": [],
          "failures": [],
          "pending": [],
          "skipped": [],
          "duration": 0,
          "root": false,
          "rootEmpty": false,
          "_timeout": 2000
        }
      ],
      "passes": [],
      "failures": [],
      "pending": [],
      "skipped": [],
      "duration": 0,
      "root": true,
      "rootEmpty": true,
      "_timeout": 2000
    }
  ],
  "meta": {
    "mocha": {
      "version": "7.0.1"
    },
    "mochawesome": {
      "options": {
        "quiet": false,
        "reportFilename": "mochawesome",
        "saveHtml": false,
        "saveJson": true,
        "consoleReporter": "spec",
        "useInlineDiffs": false,
        "code": true
      },
      "version": "7.1.3"
    },
    "marge": {
      "options": {
        "overwrite": false,
        "html": false,
        "json": true,
        "reportDir": "cypress\\reports\\html\\.jsons"
      },
      "version": "6.2.0"
    }
  }
}