{
  "stats": {
    "suites": 1,
    "tests": 1,
    "passes": 1,
    "pending": 1,
    "failures": -1,
    "start": "2024-04-22T09:28:15.819Z",
    "end": "2024-04-22T09:28:27.130Z",
    "duration": 11311,
    "testsRegistered": 2,
    "passPercent": 100,
    "pendingPercent": 50,
    "other": 1,
    "hasOther": true,
    "skipped": 0,
    "hasSkipped": false
  },
  "results": [
    {
      "uuid": "07e2b22d-9e30-41fb-a1f7-a8f3abdf6f97",
      "title": "",
      "fullFile": "cypress\\e2e\\navigatingthroughpageswiththeGocommand.cy.js",
      "file": "cypress\\e2e\\navigatingthroughpageswiththeGocommand.cy.js",
      "beforeHooks": [],
      "afterHooks": [],
      "tests": [],
      "suites": [
        {
          "uuid": "77ca3bce-3e91-4978-9412-231713dbc662",
          "title": "navigate through pages",
          "fullFile": "",
          "file": "",
          "beforeHooks": [],
          "afterHooks": [],
          "tests": [
            {
              "title": "navigations",
              "fullTitle": "navigate through pages navigations",
              "timedOut": null,
              "duration": 0,
              "state": "pending",
              "speed": null,
              "pass": false,
              "fail": false,
              "pending": true,
              "context": null,
              "code": "cy.title().should('eql', 'nopCommerce demo store'); //home page\n//lets click on the cameras\ncy.clickLink(\"Computers\");\n//going back to the home page\ncy.go('back');\n//after going back we should get to the orignal or home page which is \ncy.title().should('eql', 'nopCommerce demo store'); //home page\n//getting back to the computers page\ncy.go('forward');",
              "err": {},
              "uuid": "7d4384eb-3d89-4482-bbc2-52e849b67afc",
              "parentUUID": "77ca3bce-3e91-4978-9412-231713dbc662",
              "isHook": false,
              "skipped": false
            },
            {
              "title": "navigations",
              "fullTitle": "navigate through pages navigations",
              "timedOut": null,
              "duration": 5338,
              "state": "passed",
              "speed": "medium",
              "pass": true,
              "fail": false,
              "pending": false,
              "context": null,
              "code": "cy.title().should('eql', 'nopCommerce demo store'); //home page\n//lets click on the cameras\ncy.clickLink(\"Computers\");\n//going back to the home page\ncy.go(-1);\n//after going back we should get to the orignal or home page which is \ncy.title().should('eql', 'nopCommerce demo store'); //home page\n//getting back to the computers page\ncy.go(1);\n//reloading a browser\ncy.reload();",
              "err": {},
              "uuid": "86414196-f875-4eeb-a897-53cb893f1aaf",
              "parentUUID": "77ca3bce-3e91-4978-9412-231713dbc662",
              "isHook": false,
              "skipped": false
            }
          ],
          "suites": [],
          "passes": [
            "86414196-f875-4eeb-a897-53cb893f1aaf"
          ],
          "failures": [],
          "pending": [
            "7d4384eb-3d89-4482-bbc2-52e849b67afc"
          ],
          "skipped": [],
          "duration": 5338,
          "root": false,
          "rootEmpty": false,
          "_timeout": 2000
        }
      ],
      "passes": [],
      "failures": [],
      "pending": [],
      "skipped": [],
      "duration": 0,
      "root": true,
      "rootEmpty": true,
      "_timeout": 2000
    }
  ],
  "meta": {
    "mocha": {
      "version": "7.0.1"
    },
    "mochawesome": {
      "options": {
        "quiet": false,
        "reportFilename": "mochawesome",
        "saveHtml": false,
        "saveJson": true,
        "consoleReporter": "spec",
        "useInlineDiffs": false,
        "code": true
      },
      "version": "7.1.3"
    },
    "marge": {
      "options": {
        "overwrite": false,
        "html": false,
        "json": true,
        "reportDir": "cypress\\reports\\html\\.jsons"
      },
      "version": "6.2.0"
    }
  }
}