{
  "stats": {
    "suites": 1,
    "tests": 1,
    "passes": 1,
    "pending": 0,
    "failures": 0,
    "start": "2024-04-22T09:24:34.482Z",
    "end": "2024-04-22T09:25:29.611Z",
    "duration": 55129,
    "testsRegistered": 1,
    "passPercent": 100,
    "pendingPercent": 0,
    "other": 0,
    "hasOther": false,
    "skipped": 0,
    "hasSkipped": false
  },
  "results": [
    {
      "uuid": "fb1ac224-4109-46f0-bef3-3e40940b6d38",
      "title": "",
      "fullFile": "cypress\\e2e\\fixture.cy.js",
      "file": "cypress\\e2e\\fixture.cy.js",
      "beforeHooks": [],
      "afterHooks": [],
      "tests": [],
      "suites": [
        {
          "uuid": "faed8510-b9da-4107-8e66-a21c58c66720",
          "title": "MyTestSuit",
          "fullFile": "",
          "file": "",
          "beforeHooks": [],
          "afterHooks": [],
          "tests": [
            {
              "title": "fixturedata",
              "fullTitle": "MyTestSuit fixturedata",
              "timedOut": null,
              "duration": 47775,
              "state": "passed",
              "speed": "slow",
              "pass": true,
              "fail": false,
              "pending": false,
              "context": null,
              "code": "cy.get(\"[placeholder='Username']\").type(userdata.username);\ncy.get(\"[placeholder='Password']\").type(userdata.password);\ncy.get(\"[type='submit']\").click();",
              "err": {},
              "uuid": "f7f25d19-b80c-41a8-a1a4-40db876e810d",
              "parentUUID": "faed8510-b9da-4107-8e66-a21c58c66720",
              "isHook": false,
              "skipped": false
            }
          ],
          "suites": [],
          "passes": [
            "f7f25d19-b80c-41a8-a1a4-40db876e810d"
          ],
          "failures": [],
          "pending": [],
          "skipped": [],
          "duration": 47775,
          "root": false,
          "rootEmpty": false,
          "_timeout": 2000
        }
      ],
      "passes": [],
      "failures": [],
      "pending": [],
      "skipped": [],
      "duration": 0,
      "root": true,
      "rootEmpty": true,
      "_timeout": 2000
    }
  ],
  "meta": {
    "mocha": {
      "version": "7.0.1"
    },
    "mochawesome": {
      "options": {
        "quiet": false,
        "reportFilename": "mochawesome",
        "saveHtml": false,
        "saveJson": true,
        "consoleReporter": "spec",
        "useInlineDiffs": false,
        "code": true
      },
      "version": "7.1.3"
    },
    "marge": {
      "options": {
        "overwrite": false,
        "html": false,
        "json": true,
        "reportDir": "cypress\\reports\\html\\.jsons"
      },
      "version": "6.2.0"
    }
  }
}