{
  "stats": {
    "suites": 1,
    "tests": 1,
    "passes": 1,
    "pending": 0,
    "failures": 0,
    "start": "2024-04-22T09:16:06.914Z",
    "end": "2024-04-22T09:16:20.300Z",
    "duration": 13386,
    "testsRegistered": 1,
    "passPercent": 100,
    "pendingPercent": 0,
    "other": 0,
    "hasOther": false,
    "skipped": 0,
    "hasSkipped": false
  },
  "results": [
    {
      "uuid": "fc6f61a7-e730-44ff-8000-b91229602bc3",
      "title": "",
      "fullFile": "cypress\\e2e\\Alerts.cy.js",
      "file": "cypress\\e2e\\Alerts.cy.js",
      "beforeHooks": [],
      "afterHooks": [],
      "tests": [],
      "suites": [
        {
          "uuid": "2ad6272a-1d18-48b3-97ef-1daf926dd86b",
          "title": "Alerts",
          "fullFile": "",
          "file": "",
          "beforeHooks": [],
          "afterHooks": [],
          "tests": [
            {
              "title": "authenticated alert",
              "fullTitle": "Alerts authenticated alert",
              "timedOut": null,
              "duration": 7225,
              "state": "passed",
              "speed": "medium",
              "pass": true,
              "fail": false,
              "pending": false,
              "context": null,
              "code": "//approach1\ncy.visit('https://admin:admin@the-internet.herokuapp.com/basic_auth');\ncy.get(\"div[class='example'] p\").should('have.contain', \"Congratulations\");",
              "err": {},
              "uuid": "703e23cf-41c3-46c0-87bd-02e878c09b5f",
              "parentUUID": "2ad6272a-1d18-48b3-97ef-1daf926dd86b",
              "isHook": false,
              "skipped": false
            }
          ],
          "suites": [],
          "passes": [
            "703e23cf-41c3-46c0-87bd-02e878c09b5f"
          ],
          "failures": [],
          "pending": [],
          "skipped": [],
          "duration": 7225,
          "root": false,
          "rootEmpty": false,
          "_timeout": 2000
        }
      ],
      "passes": [],
      "failures": [],
      "pending": [],
      "skipped": [],
      "duration": 0,
      "root": true,
      "rootEmpty": true,
      "_timeout": 2000
    }
  ],
  "meta": {
    "mocha": {
      "version": "7.0.1"
    },
    "mochawesome": {
      "options": {
        "quiet": false,
        "reportFilename": "mochawesome",
        "saveHtml": false,
        "saveJson": true,
        "consoleReporter": "spec",
        "useInlineDiffs": false,
        "code": true
      },
      "version": "7.1.3"
    },
    "marge": {
      "options": {
        "overwrite": false,
        "html": false,
        "json": true,
        "reportDir": "cypress\\reports\\html\\.jsons"
      },
      "version": "6.2.0"
    }
  }
}