{
  "stats": {
    "suites": 1,
    "tests": 1,
    "passes": 0,
    "pending": 0,
    "failures": 1,
    "start": "2024-04-22T09:26:28.719Z",
    "end": "2024-04-22T09:26:44.479Z",
    "duration": 15760,
    "testsRegistered": 1,
    "passPercent": 0,
    "pendingPercent": 0,
    "other": 0,
    "hasOther": false,
    "skipped": 0,
    "hasSkipped": false
  },
  "results": [
    {
      "uuid": "62ce3046-fde0-4af3-9299-279aa26bcd05",
      "title": "",
      "fullFile": "cypress\\e2e\\journey.cy.js",
      "file": "cypress\\e2e\\journey.cy.js",
      "beforeHooks": [],
      "afterHooks": [],
      "tests": [],
      "suites": [
        {
          "uuid": "43a3d251-b216-4c24-8a63-ca72ce32d094",
          "title": "journey app",
          "fullFile": "",
          "file": "",
          "beforeHooks": [],
          "afterHooks": [],
          "tests": [
            {
              "title": "Login",
              "fullTitle": "journey app Login",
              "timedOut": null,
              "duration": 11206,
              "state": "failed",
              "speed": null,
              "pass": false,
              "fail": true,
              "pending": false,
              "context": "{\n  \"title\": \"cypress-mochawesome-reporter-screenshots\",\n  \"value\": [\n    [\n      \"\\\\journey.cy.js\\\\journey app -- Login (failed).png\"\n    ]\n  ]\n}",
              "code": "cy.visit(\"https://scts.amalitech-dev.net/auth/sign-in\");\ncy.get(\"#text\").type('adwoafaith49@gmail.com');\ncy.get(\"#password\").type('Mypassword123&&&');\ncy.get(\"[type='checkbox']\").check().should('be.checked');\ncy.get(\"body > app-root:nth-child(1) > app-auth:nth-child(3) > app-sign-in:nth-child(2) > div:nth-child(1) > div:nth-child(2) > div:nth-child(1) > form:nth-child(3) > p:nth-child(4) > app-button:nth-child(1) > button:nth-child(1)\").click();\ncy.url().should('contain', 'https://scts.amalitech-dev.net/dashboard');\nlet expectedUser = 'adwoafaith';\ncy.get(\"a[class='hover:text-primary text-mainDark text-[20px] capitalize font-medium lg:hover:fill-[#760B5E] block']\").then(e => {\n  let actualname = e.text();\n  expect(actualname).to.equal(expectedUser);\n});\ncy.xpath(\"//button[@class='flex items-center gap-3']\").click();\ncy.xpath(\"//button[@class='flex items-center gap-3']\").should('be.visible');\ncy.get(\"a[routerlink='articles']\").click({\n  force: true\n});\ncy.url().should('contain', 'https://scts.amalitech-dev.net/dashboard/articles');\ncy.get(\"#search\").type('AT');\ncy.get(\"a[routerlink='machines']\").click({\n  force: true\n});\ncy.url().should('eq', 'https://scts.amalitech-dev.net/dashboard/machines');\ncy.get(\"a[routerlink='products']\").click({\n  force: true\n});\ncy.url().should('eq', 'https://scts.amalitech-dev.net/dashboard/products');\ncy.get(\"a[routerlink='suppliers']\").click({\n  force: true\n});\ncy.url().should('eq', 'https://scts.amalitech-dev.net/dashboard/suppliers');\ncy.get(\"a[routerlink='packages']\").click({\n  force: true\n});\ncy.url().should('contain', 'https://scts.amalitech-dev.net/dashboard/packages');\ncy.get(\"a[routerlink='production-orders']\").click({\n  force: true\n});\ncy.url().should('eq', 'https://scts.amalitech-dev.net/dashboard/production-orders');\ncy.get(\"a[routerlink='users']\").click({\n  force: true\n});\ncy.url().should('contain', 'https://scts.amalitech-dev.net/dashboard/users');\ncy.wait(5000);\ncy.xpath(\"//*[contains(text(),'Active Users')]\").click();\ncy.get(\"table>tbody>tr\").should('have.length', '6');\ncy.get('table>thead>tr>th').should('have.length', '7');\ncy.get(\"table>tbody>tr:nth-child(3)\").should('contain', 'adwoafaith49@gmail.com');\ncy.get(\"table>tbody>tr:nth-child(3)>td:nth-child(2)\").should('contain', 'adwoafaith49@gmail.com');\ncy.get(\"#search\").type('clara');\ncy.get(\"tbody tr:nth-child(1) td:nth-child(1)\").contains('clara').click();\ncy.xpath(\"//*[contains(text(),'Pending Users')]\").click();",
              "err": {
                "message": "AssertionError: Timed out retrying after 4000ms: expected 'https://scts.amalitech-dev.net/auth/sign-in' to include 'https://scts.amalitech-dev.net/dashboard'",
                "estack": "AssertionError: Timed out retrying after 4000ms: expected 'https://scts.amalitech-dev.net/auth/sign-in' to include 'https://scts.amalitech-dev.net/dashboard'\n    at Context.eval (webpack://cypress-automation/./cypress/e2e/journey.cy.js:20:17)",
                "diff": null
              },
              "uuid": "e80bb0a8-bcfd-4b2f-bfcc-89333432a735",
              "parentUUID": "43a3d251-b216-4c24-8a63-ca72ce32d094",
              "isHook": false,
              "skipped": false
            }
          ],
          "suites": [],
          "passes": [],
          "failures": [
            "e80bb0a8-bcfd-4b2f-bfcc-89333432a735"
          ],
          "pending": [],
          "skipped": [],
          "duration": 11206,
          "root": false,
          "rootEmpty": false,
          "_timeout": 2000
        }
      ],
      "passes": [],
      "failures": [],
      "pending": [],
      "skipped": [],
      "duration": 0,
      "root": true,
      "rootEmpty": true,
      "_timeout": 2000
    }
  ],
  "meta": {
    "mocha": {
      "version": "7.0.1"
    },
    "mochawesome": {
      "options": {
        "quiet": false,
        "reportFilename": "mochawesome",
        "saveHtml": false,
        "saveJson": true,
        "consoleReporter": "spec",
        "useInlineDiffs": false,
        "code": true
      },
      "version": "7.1.3"
    },
    "marge": {
      "options": {
        "overwrite": false,
        "html": false,
        "json": true,
        "reportDir": "cypress\\reports\\html\\.jsons"
      },
      "version": "6.2.0"
    }
  }
}