{
  "stats": {
    "suites": 1,
    "tests": 1,
    "passes": 0,
    "pending": 0,
    "failures": 1,
    "start": "2024-04-22T09:26:56.496Z",
    "end": "2024-04-22T09:27:19.366Z",
    "duration": 22870,
    "testsRegistered": 1,
    "passPercent": 0,
    "pendingPercent": 0,
    "other": 0,
    "hasOther": false,
    "skipped": 0,
    "hasSkipped": false
  },
  "results": [
    {
      "uuid": "6d4933a9-e232-41b0-9956-5255d11fd2c3",
      "title": "",
      "fullFile": "cypress\\e2e\\lazyjackapp.cy.js",
      "file": "cypress\\e2e\\lazyjackapp.cy.js",
      "beforeHooks": [],
      "afterHooks": [],
      "tests": [],
      "suites": [
        {
          "uuid": "86130f64-efc8-4b1e-a6ce-9589e708c798",
          "title": "experiment",
          "fullFile": "",
          "file": "",
          "beforeHooks": [],
          "afterHooks": [],
          "tests": [
            {
              "title": "launch site",
              "fullTitle": "experiment launch site",
              "timedOut": null,
              "duration": 16286,
              "state": "failed",
              "speed": null,
              "pass": false,
              "fail": true,
              "pending": false,
              "context": "{\n  \"title\": \"cypress-mochawesome-reporter-screenshots\",\n  \"value\": [\n    [\n      \"\\\\lazyjackapp.cy.js\\\\experiment -- launch site (failed).png\"\n    ]\n  ]\n}",
              "code": "cy.visit('https://lazyjacks.co.uk/?gad_source=1&gclid=Cj0KCQjwncWvBhD_ARIsAEb2HW-f55LFSpecuYzrX3oVnooZSSvZGn6OSot0V8-4mXa3OY0JKdzac-YaAil4EALw_wcB');\ncy.get(\"img[alt='Lazy Jacks']\").should('exist');\n//validating the search icon\ncy.get(\"#Search-In-Modal\").should('not.be.visible');\ncy.xpath(\"//a\").should('not.have.length', 3);\ncy.get('svg').find('path').eq(0).click();\ncy.url().should('eq', 'https://lazyjacks.co.uk/cart');\n//cy.get(\"svg\").click()",
              "err": {
                "message": "CypressError: Timed out retrying after 4050ms: `cy.click()` failed because this element:\n\n          `<path fill-rule=\"evenodd\" clip-rule=\"evenodd\" d=\"M8.537.808a.5.5 0 01.817-.162l4 4a.5.5 0 010 .708l-4 4a.5.5 0 11-.708-.708L11.793 5.5H1a.5.5 0 010-1h10.793L8.646 1.354a.5.5 0 01-.109-.546z\" fill=\"currentColor\"></path>`\n\n          has CSS `pointer-events: none`, inherited from this element:\n\n`<svg viewBox=\"0 0 14 10\" fill=\"none\" aria-hidden=\"true\" focusable=\"false\" class=\"icon icon-arrow\" xmlns=\"http://www.w3.org/2000/svg\">...</svg>`\n\n          `pointer-events: none` prevents user mouse interaction.\n\n          Fix this problem, or use {force: true} to disable error checking.\n\nhttps://on.cypress.io/element-cannot-be-interacted-with",
                "estack": "CypressError: Timed out retrying after 4050ms: `cy.click()` failed because this element:\n\n          `<path fill-rule=\"evenodd\" clip-rule=\"evenodd\" d=\"M8.537.808a.5.5 0 01.817-.162l4 4a.5.5 0 010 .708l-4 4a.5.5 0 11-.708-.708L11.793 5.5H1a.5.5 0 010-1h10.793L8.646 1.354a.5.5 0 01-.109-.546z\" fill=\"currentColor\"></path>`\n\n          has CSS `pointer-events: none`, inherited from this element:\n\n`<svg viewBox=\"0 0 14 10\" fill=\"none\" aria-hidden=\"true\" focusable=\"false\" class=\"icon icon-arrow\" xmlns=\"http://www.w3.org/2000/svg\">...</svg>`\n\n          `pointer-events: none` prevents user mouse interaction.\n\n          Fix this problem, or use {force: true} to disable error checking.\n\nhttps://on.cypress.io/element-cannot-be-interacted-with\n    at ensureElDoesNotHaveCSS (https://lazyjacks.co.uk/__cypress/runner/cypress_runner.js:111888:66)\n    at ensureDescendents (https://lazyjacks.co.uk/__cypress/runner/cypress_runner.js:111996:5)\n    at ensureDescendentsAndScroll (https://lazyjacks.co.uk/__cypress/runner/cypress_runner.js:112004:14)\n    at ensureElIsNotCovered (https://lazyjacks.co.uk/__cypress/runner/cypress_runner.js:112135:5)\n    at runAllChecks (https://lazyjacks.co.uk/__cypress/runner/cypress_runner.js:112334:52)\n    at retryActionability (https://lazyjacks.co.uk/__cypress/runner/cypress_runner.js:112371:16)\n    at tryCatcher (https://lazyjacks.co.uk/__cypress/runner/cypress_runner.js:1807:23)\n    at Promise.attempt.Promise.try (https://lazyjacks.co.uk/__cypress/runner/cypress_runner.js:4315:29)\n    at whenStable (https://lazyjacks.co.uk/__cypress/runner/cypress_runner.js:144028:68)\n    at <unknown> (https://lazyjacks.co.uk/__cypress/runner/cypress_runner.js:143969:14)\n    at tryCatcher (https://lazyjacks.co.uk/__cypress/runner/cypress_runner.js:1807:23)\n    at Promise._settlePromiseFromHandler (https://lazyjacks.co.uk/__cypress/runner/cypress_runner.js:1519:31)\n    at Promise._settlePromise (https://lazyjacks.co.uk/__cypress/runner/cypress_runner.js:1576:18)\n    at Promise._settlePromise0 (https://lazyjacks.co.uk/__cypress/runner/cypress_runner.js:1621:10)\n    at Promise._settlePromises (https://lazyjacks.co.uk/__cypress/runner/cypress_runner.js:1701:18)\n    at Promise._fulfill (https://lazyjacks.co.uk/__cypress/runner/cypress_runner.js:1645:18)\n    at <unknown> (https://lazyjacks.co.uk/__cypress/runner/cypress_runner.js:5450:46)\nFrom Your Spec Code:\n    at Context.eval (webpack://cypress-automation/./cypress/e2e/lazyjackapp.cy.js:9:41)",
                "diff": null
              },
              "uuid": "652fda14-3ce0-48bb-8dbb-1ea2ccacec80",
              "parentUUID": "86130f64-efc8-4b1e-a6ce-9589e708c798",
              "isHook": false,
              "skipped": false
            }
          ],
          "suites": [],
          "passes": [],
          "failures": [
            "652fda14-3ce0-48bb-8dbb-1ea2ccacec80"
          ],
          "pending": [],
          "skipped": [],
          "duration": 16286,
          "root": false,
          "rootEmpty": false,
          "_timeout": 2000
        }
      ],
      "passes": [],
      "failures": [],
      "pending": [],
      "skipped": [],
      "duration": 0,
      "root": true,
      "rootEmpty": true,
      "_timeout": 2000
    }
  ],
  "meta": {
    "mocha": {
      "version": "7.0.1"
    },
    "mochawesome": {
      "options": {
        "quiet": false,
        "reportFilename": "mochawesome",
        "saveHtml": false,
        "saveJson": true,
        "consoleReporter": "spec",
        "useInlineDiffs": false,
        "code": true
      },
      "version": "7.1.3"
    },
    "marge": {
      "options": {
        "overwrite": false,
        "html": false,
        "json": true,
        "reportDir": "cypress\\reports\\html\\.jsons"
      },
      "version": "6.2.0"
    }
  }
}