{
  "stats": {
    "suites": 1,
    "tests": 3,
    "passes": 3,
    "pending": 0,
    "failures": 0,
    "start": "2024-04-22T09:26:19.618Z",
    "end": "2024-04-22T09:26:20.106Z",
    "duration": 488,
    "testsRegistered": 3,
    "passPercent": 100,
    "pendingPercent": 0,
    "other": 0,
    "hasOther": false,
    "skipped": 0,
    "hasSkipped": false
  },
  "results": [
    {
      "uuid": "4af0ce71-8a5b-4a83-83c9-e3a5f90530d0",
      "title": "",
      "fullFile": "cypress\\e2e\\hooksAndTags.cy.js",
      "file": "cypress\\e2e\\hooksAndTags.cy.js",
      "beforeHooks": [],
      "afterHooks": [],
      "tests": [],
      "suites": [
        {
          "uuid": "4f9e370f-8a47-4e37-99cb-3a24b117d4e9",
          "title": "MyTestSuit",
          "fullFile": "",
          "file": "",
          "beforeHooks": [],
          "afterHooks": [],
          "tests": [
            {
              "title": "search",
              "fullTitle": "MyTestSuit search",
              "timedOut": null,
              "duration": 356,
              "state": "passed",
              "speed": "fast",
              "pass": true,
              "fail": false,
              "pending": false,
              "context": null,
              "code": "cy.log(\"**searching *****\");",
              "err": {},
              "uuid": "4e6219dd-f583-4b48-b787-baca235c62cb",
              "parentUUID": "4f9e370f-8a47-4e37-99cb-3a24b117d4e9",
              "isHook": false,
              "skipped": false
            },
            {
              "title": "advanced search",
              "fullTitle": "MyTestSuit advanced search",
              "timedOut": null,
              "duration": 13,
              "state": "passed",
              "speed": "fast",
              "pass": true,
              "fail": false,
              "pending": false,
              "context": null,
              "code": "cy.log(\"**advansed searching *****\");",
              "err": {},
              "uuid": "2f6f302b-2e08-4818-a120-fabf9a9fd344",
              "parentUUID": "4f9e370f-8a47-4e37-99cb-3a24b117d4e9",
              "isHook": false,
              "skipped": false
            },
            {
              "title": "login searching",
              "fullTitle": "MyTestSuit login searching",
              "timedOut": null,
              "duration": 17,
              "state": "passed",
              "speed": "fast",
              "pass": true,
              "fail": false,
              "pending": false,
              "context": null,
              "code": "cy.log(\"**login searching *****\");",
              "err": {},
              "uuid": "96c76e2c-ed87-40ef-8379-6bd921de3b7d",
              "parentUUID": "4f9e370f-8a47-4e37-99cb-3a24b117d4e9",
              "isHook": false,
              "skipped": false
            }
          ],
          "suites": [],
          "passes": [
            "4e6219dd-f583-4b48-b787-baca235c62cb",
            "2f6f302b-2e08-4818-a120-fabf9a9fd344",
            "96c76e2c-ed87-40ef-8379-6bd921de3b7d"
          ],
          "failures": [],
          "pending": [],
          "skipped": [],
          "duration": 386,
          "root": false,
          "rootEmpty": false,
          "_timeout": 2000
        }
      ],
      "passes": [],
      "failures": [],
      "pending": [],
      "skipped": [],
      "duration": 0,
      "root": true,
      "rootEmpty": true,
      "_timeout": 2000
    }
  ],
  "meta": {
    "mocha": {
      "version": "7.0.1"
    },
    "mochawesome": {
      "options": {
        "quiet": false,
        "reportFilename": "mochawesome",
        "saveHtml": false,
        "saveJson": true,
        "consoleReporter": "spec",
        "useInlineDiffs": false,
        "code": true
      },
      "version": "7.1.3"
    },
    "marge": {
      "options": {
        "overwrite": false,
        "html": false,
        "json": true,
        "reportDir": "cypress\\reports\\html\\.jsons"
      },
      "version": "6.2.0"
    }
  }
}