{
  "stats": {
    "suites": 1,
    "tests": 1,
    "passes": 0,
    "pending": 0,
    "failures": 1,
    "start": "2024-04-22T09:20:51.438Z",
    "end": "2024-04-22T09:21:33.021Z",
    "duration": 41583,
    "testsRegistered": 1,
    "passPercent": 0,
    "pendingPercent": 0,
    "other": 0,
    "hasOther": false,
    "skipped": 0,
    "hasSkipped": false
  },
  "results": [
    {
      "uuid": "145f80b4-64cd-4794-85fe-70d1b9f68d24",
      "title": "",
      "fullFile": "cypress\\e2e\\datadriventestOrmultipleTest.cy.js",
      "file": "cypress\\e2e\\datadriventestOrmultipleTest.cy.js",
      "beforeHooks": [],
      "afterHooks": [],
      "tests": [],
      "suites": [
        {
          "uuid": "7ba7934f-7ca1-4eee-a814-ddd2a7415b9c",
          "title": "Datadriven test",
          "fullFile": "",
          "file": "",
          "beforeHooks": [],
          "afterHooks": [],
          "tests": [
            {
              "title": "datadriven",
              "fullTitle": "Datadriven test datadriven",
              "timedOut": null,
              "duration": 36250,
              "state": "failed",
              "speed": null,
              "pass": false,
              "fail": true,
              "pending": false,
              "context": "{\n  \"title\": \"cypress-mochawesome-reporter-screenshots\",\n  \"value\": [\n    [\n      \"\\\\datadriventestOrmultipleTest.cy.js\\\\Datadriven test -- datadriven (failed).png\"\n    ]\n  ]\n}",
              "code": "cy.fixture('orangehrm2').then(data => {\n  cy.visit(\"https://opensource-demo.orangehrmlive.com/web/index.php/auth/login\");\n  data.forEach(userdata => {\n    cy.get(\"[placeholder='Username']\").type(userdata.username);\n    cy.get(\"[placeholder='Password']\").type(userdata.password);\n    cy.get(\"[type='submit']\").click();\n    if (userdata.username === 'Admin' && userdata.password === 'admin123') {\n      cy.get(\".oxd-text.oxd-text--h6.oxd-topbar-header-breadcrumb-module\").should('have.text', userdata.expected);\n      //log out so you can get the credentials of the next data\n      cy.get(\".oxd-userdropdown-name\").click();\n      cy.get(\"body > div:nth-child(3) > div:nth-child(1) > div:nth-child(1) > header:nth-child(2) > div:nth-child(1) > div:nth-child(2) > ul:nth-child(1) > li:nth-child(1) > ul:nth-child(2) > li:nth-child(4) > a:nth-child(1)\").should('be.visible').click({\n        force: true\n      });\n    } else {\n      cy.get(\".oxd-text.oxd-text--p.oxd-alert-content-text\").should('have.text', userdata.expected);\n    }\n  });\n});",
              "err": {
                "message": "TypeError: The following error originated from your application code, not from Cypress. It was caused by an unhandled promise rejection.\n\n  > Cannot read properties of undefined (reading 'response')\n\nWhen Cypress detects uncaught errors originating from your application it will automatically fail the current test.\n\nThis behavior is configurable, and you can choose to turn this off by listening to the `uncaught:exception` event.\n\nhttps://on.cypress.io/uncaught-exception-from-application",
                "estack": "TypeError: The following error originated from your application code, not from Cypress. It was caused by an unhandled promise rejection.\n\n  > Cannot read properties of undefined (reading 'response')\n\nWhen Cypress detects uncaught errors originating from your application it will automatically fail the current test.\n\nThis behavior is configurable, and you can choose to turn this off by listening to the `uncaught:exception` event.\n\nhttps://on.cypress.io/uncaught-exception-from-application\n    at <unknown> (https://opensource-demo.orangehrmlive.com/web/dist/js/app.js?v=1711595107870:1:11263)\n    at async Pt.request (https://opensource-demo.orangehrmlive.com/web/dist/js/chunk-vendors.js?v=1711595107870:144:79849)\n    at Pt.request (https://opensource-demo.orangehrmlive.com/web/dist/js/chunk-vendors.js?v=1711595107870:144:79942)",
                "diff": null
              },
              "uuid": "adb9f867-cfde-4504-b621-8b029a2a21e0",
              "parentUUID": "7ba7934f-7ca1-4eee-a814-ddd2a7415b9c",
              "isHook": false,
              "skipped": false
            }
          ],
          "suites": [],
          "passes": [],
          "failures": [
            "adb9f867-cfde-4504-b621-8b029a2a21e0"
          ],
          "pending": [],
          "skipped": [],
          "duration": 36250,
          "root": false,
          "rootEmpty": false,
          "_timeout": 2000
        }
      ],
      "passes": [],
      "failures": [],
      "pending": [],
      "skipped": [],
      "duration": 0,
      "root": true,
      "rootEmpty": true,
      "_timeout": 2000
    }
  ],
  "meta": {
    "mocha": {
      "version": "7.0.1"
    },
    "mochawesome": {
      "options": {
        "quiet": false,
        "reportFilename": "mochawesome",
        "saveHtml": false,
        "saveJson": true,
        "consoleReporter": "spec",
        "useInlineDiffs": false,
        "code": true
      },
      "version": "7.1.3"
    },
    "marge": {
      "options": {
        "overwrite": false,
        "html": false,
        "json": true,
        "reportDir": "cypress\\reports\\html\\.jsons"
      },
      "version": "6.2.0"
    }
  }
}