{
  "stats": {
    "suites": 1,
    "tests": 2,
    "passes": 1,
    "pending": 0,
    "failures": 1,
    "start": "2024-04-22T09:18:11.115Z",
    "end": "2024-04-22T09:19:01.750Z",
    "duration": 50635,
    "testsRegistered": 2,
    "passPercent": 50,
    "pendingPercent": 0,
    "other": 0,
    "hasOther": false,
    "skipped": 0,
    "hasSkipped": false
  },
  "results": [
    {
      "uuid": "47065cc0-8453-4df0-8f6a-5ef5bb4500dc",
      "title": "",
      "fullFile": "cypress\\e2e\\MyfirstTest.cy.js",
      "file": "cypress\\e2e\\MyfirstTest.cy.js",
      "beforeHooks": [],
      "afterHooks": [],
      "tests": [],
      "suites": [
        {
          "uuid": "2f0198cb-4360-490c-b6ad-80d0a7bc557c",
          "title": "My first Test",
          "fullFile": "",
          "file": "",
          "beforeHooks": [],
          "afterHooks": [],
          "tests": [
            {
              "title": "verify title-positive",
              "fullTitle": "My first Test verify title-positive",
              "timedOut": null,
              "duration": 28111,
              "state": "passed",
              "speed": "slow",
              "pass": true,
              "fail": false,
              "pending": false,
              "context": null,
              "code": "cy.wait(6000);\ncy.visit(\"https://opensource-demo.orangehrmlive.com/\");\ncy.title().should('eq', 'OrangeHRM');",
              "err": {},
              "uuid": "7575132b-01b8-4278-b110-dfba7d31b46c",
              "parentUUID": "2f0198cb-4360-490c-b6ad-80d0a7bc557c",
              "isHook": false,
              "skipped": false
            },
            {
              "title": "verify title-negative",
              "fullTitle": "My first Test verify title-negative",
              "timedOut": null,
              "duration": 11624,
              "state": "failed",
              "speed": null,
              "pass": false,
              "fail": true,
              "pending": false,
              "context": "{\n  \"title\": \"cypress-mochawesome-reporter-screenshots\",\n  \"value\": [\n    [\n      \"\\\\MyfirstTest.cy.js\\\\My first Test -- verify title-negative (failed).png\"\n    ]\n  ]\n}",
              "code": "cy.wait(6000);\ncy.visit(\"https://opensource-demo.orangehrmlive.com/\");\ncy.title().should('eq', 'OrangeHRM123');",
              "err": {
                "message": "AssertionError: Timed out retrying after 4000ms: expected 'OrangeHRM' to equal 'OrangeHRM123'",
                "estack": "AssertionError: Timed out retrying after 4000ms: expected 'OrangeHRM' to equal 'OrangeHRM123'\n    at Context.eval (webpack://cypress-automation/./cypress/e2e/MyfirstTest.cy.js:10:19)",
                "diff": "- 'OrangeHRM'\n+ 'OrangeHRM123'\n"
              },
              "uuid": "163128a2-4828-4eae-96c0-b11ca1ea929a",
              "parentUUID": "2f0198cb-4360-490c-b6ad-80d0a7bc557c",
              "isHook": false,
              "skipped": false
            }
          ],
          "suites": [],
          "passes": [
            "7575132b-01b8-4278-b110-dfba7d31b46c"
          ],
          "failures": [
            "163128a2-4828-4eae-96c0-b11ca1ea929a"
          ],
          "pending": [],
          "skipped": [],
          "duration": 39735,
          "root": false,
          "rootEmpty": false,
          "_timeout": 2000
        }
      ],
      "passes": [],
      "failures": [],
      "pending": [],
      "skipped": [],
      "duration": 0,
      "root": true,
      "rootEmpty": true,
      "_timeout": 2000
    }
  ],
  "meta": {
    "mocha": {
      "version": "7.0.1"
    },
    "mochawesome": {
      "options": {
        "quiet": false,
        "reportFilename": "mochawesome",
        "saveHtml": false,
        "saveJson": true,
        "consoleReporter": "spec",
        "useInlineDiffs": false,
        "code": true
      },
      "version": "7.1.3"
    },
    "marge": {
      "options": {
        "overwrite": false,
        "html": false,
        "json": true,
        "reportDir": "cypress\\reports\\html\\.jsons"
      },
      "version": "6.2.0"
    }
  }
}