{
  "stats": {
    "suites": 0,
    "tests": 1,
    "passes": 0,
    "pending": 0,
    "failures": 1,
    "start": "2024-04-22T09:19:14.146Z",
    "end": "2024-04-22T09:19:14.967Z",
    "duration": 821,
    "testsRegistered": 1,
    "passPercent": 0,
    "pendingPercent": 0,
    "other": 0,
    "hasOther": false,
    "skipped": 0,
    "hasSkipped": false
  },
  "results": [
    {
      "uuid": "71c403e3-a75b-406d-9a4f-beaa09e0128e",
      "title": "",
      "fullFile": "cypress\\e2e\\Tabs.cy.js",
      "file": "cypress\\e2e\\Tabs.cy.js",
      "beforeHooks": [],
      "afterHooks": [],
      "tests": [
        {
          "title": "An uncaught error was detected outside of a test",
          "fullTitle": "An uncaught error was detected outside of a test",
          "timedOut": null,
          "duration": 761,
          "state": "failed",
          "speed": null,
          "pass": false,
          "fail": true,
          "pending": false,
          "context": "{\n  \"title\": \"cypress-mochawesome-reporter-screenshots\",\n  \"value\": [\n    [\n      \"\\\\Tabs.cy.js\\\\An uncaught error was detected outside of a test (failed).png\"\n    ]\n  ]\n}",
          "code": "throw err;",
          "err": {
            "message": "ReferenceError: The following error originated from your test code, not from Cypress.\n\n  > y is not defined\n\nWhen Cypress detects uncaught errors originating from your test code it will automatically fail the current test.\n\nCypress could not associate this error to any specific test.\n\nWe dynamically generated a new test to display this failure.",
            "estack": "ReferenceError: The following error originated from your test code, not from Cypress.\n\n  > y is not defined\n\nWhen Cypress detects uncaught errors originating from your test code it will automatically fail the current test.\n\nCypress could not associate this error to any specific test.\n\nWe dynamically generated a new test to display this failure.\n    at Suite.eval (webpack://cypress-automation/./cypress/e2e/Tabs.cy.js:17:1)\n    at eval (webpack://cypress-automation/./cypress/e2e/Tabs.cy.js:3:0)\n    at eval (http://localhost:56596/__cypress/tests?p=cypress\\e2e\\Tabs.cy.js:39:12)\n    at eval (<anonymous>)",
            "diff": null
          },
          "uuid": "b7a2390b-f00d-4c31-91e5-8e69bfd78296",
          "parentUUID": "71c403e3-a75b-406d-9a4f-beaa09e0128e",
          "isHook": false,
          "skipped": false
        }
      ],
      "suites": [],
      "passes": [],
      "failures": [
        "b7a2390b-f00d-4c31-91e5-8e69bfd78296"
      ],
      "pending": [],
      "skipped": [],
      "duration": 761,
      "root": true,
      "rootEmpty": false,
      "_timeout": 2000
    }
  ],
  "meta": {
    "mocha": {
      "version": "7.0.1"
    },
    "mochawesome": {
      "options": {
        "quiet": false,
        "reportFilename": "mochawesome",
        "saveHtml": false,
        "saveJson": true,
        "consoleReporter": "spec",
        "useInlineDiffs": false,
        "code": true
      },
      "version": "7.1.3"
    },
    "marge": {
      "options": {
        "overwrite": false,
        "html": false,
        "json": true,
        "reportDir": "cypress\\reports\\html\\.jsons"
      },
      "version": "6.2.0"
    }
  }
}