{
  "stats": {
    "suites": 1,
    "tests": 1,
    "passes": 0,
    "pending": 0,
    "failures": 1,
    "start": "2024-04-22T09:22:18.789Z",
    "end": "2024-04-22T09:23:18.168Z",
    "duration": 59379,
    "testsRegistered": 1,
    "passPercent": 0,
    "pendingPercent": 0,
    "other": 0,
    "hasOther": false,
    "skipped": 0,
    "hasSkipped": false
  },
  "results": [
    {
      "uuid": "7901fba4-7252-42d5-8974-e246fdcc4217",
      "title": "",
      "fullFile": "cypress\\e2e\\explicitassertion.cy.js",
      "file": "cypress\\e2e\\explicitassertion.cy.js",
      "beforeHooks": [],
      "afterHooks": [],
      "tests": [],
      "suites": [
        {
          "uuid": "28318975-6d58-4147-9f8e-5596e0aa3b20",
          "title": "explicit assertion",
          "fullFile": "",
          "file": "",
          "beforeHooks": [],
          "afterHooks": [],
          "tests": [
            {
              "title": "my exlicity",
              "fullTitle": "explicit assertion my exlicity",
              "timedOut": null,
              "duration": 54643,
              "state": "failed",
              "speed": null,
              "pass": false,
              "fail": true,
              "pending": false,
              "context": "{\n  \"title\": \"cypress-mochawesome-reporter-screenshots\",\n  \"value\": [\n    [\n      \"\\\\explicitassertion.cy.js\\\\explicit assertion -- my exlicity (failed).png\"\n    ]\n  ]\n}",
              "code": "//visit website\ncy.visit(\"https://opensource-demo.orangehrmlive.com/web/index.php/auth/login\");\n//get username and password\ncy.get(\"input[placeholder='Username']\").type('Admin');\ncy.get(\"body > div:nth-child(3) > div:nth-child(1) > div:nth-child(1) > div:nth-child(1) > div:nth-child(1) > div:nth-child(2) > div:nth-child(3) > form:nth-child(2) > div:nth-child(2) > div:nth-child(1) > div:nth-child(1) > label:nth-child(2)\").should('contain', 'Username');\ncy.get(\"input[placeholder='Password']\").type('admin123');\n//validating the login button\ncy.get(\"button[type='submit']\").click();\n//checking the user on the login page if the user is loggedin\nlet expectedname = \"Tran Anh\";\ncy.get(\".oxd-userdropdown-name\").then(x => {\n  //BDD style\n  let actualName = x.text();\n  expect(actualName).to.equal(expectedname);\n  //tdd style\n  assert.equal(actualName, expectedname);\n  // assert.notEqual(actualName,expectedname)\n});",
              "err": {
                "message": "AssertionError: Timed out retrying after 4000ms: Expected to find element: `input[placeholder='Username']`, but never found it.",
                "estack": "AssertionError: Timed out retrying after 4000ms: Expected to find element: `input[placeholder='Username']`, but never found it.\n    at Context.eval (webpack://cypress-automation/./cypress/e2e/explicitassertion.cy.js:6:11)",
                "diff": null
              },
              "uuid": "4f76907d-6311-4a3f-8548-4ea2123f6259",
              "parentUUID": "28318975-6d58-4147-9f8e-5596e0aa3b20",
              "isHook": false,
              "skipped": false
            }
          ],
          "suites": [],
          "passes": [],
          "failures": [
            "4f76907d-6311-4a3f-8548-4ea2123f6259"
          ],
          "pending": [],
          "skipped": [],
          "duration": 54643,
          "root": false,
          "rootEmpty": false,
          "_timeout": 2000
        }
      ],
      "passes": [],
      "failures": [],
      "pending": [],
      "skipped": [],
      "duration": 0,
      "root": true,
      "rootEmpty": true,
      "_timeout": 2000
    }
  ],
  "meta": {
    "mocha": {
      "version": "7.0.1"
    },
    "mochawesome": {
      "options": {
        "quiet": false,
        "reportFilename": "mochawesome",
        "saveHtml": false,
        "saveJson": true,
        "consoleReporter": "spec",
        "useInlineDiffs": false,
        "code": true
      },
      "version": "7.1.3"
    },
    "marge": {
      "options": {
        "overwrite": false,
        "html": false,
        "json": true,
        "reportDir": "cypress\\reports\\html\\.jsons"
      },
      "version": "6.2.0"
    }
  }
}