{
  "stats": {
    "suites": 1,
    "tests": 1,
    "passes": 1,
    "pending": 5,
    "failures": -5,
    "start": "2024-04-22T09:27:41.933Z",
    "end": "2024-04-22T09:28:04.865Z",
    "duration": 22932,
    "testsRegistered": 6,
    "passPercent": 100,
    "pendingPercent": 83.33333333333334,
    "other": 5,
    "hasOther": true,
    "skipped": 0,
    "hasSkipped": false
  },
  "results": [
    {
      "uuid": "c3cc079b-f25e-411b-8eab-8fd1c4aecadd",
      "title": "",
      "fullFile": "cypress\\e2e\\mouseoperations.cy.js",
      "file": "cypress\\e2e\\mouseoperations.cy.js",
      "beforeHooks": [],
      "afterHooks": [],
      "tests": [],
      "suites": [
        {
          "uuid": "274c7457-9a90-4d33-b3a6-d79fc1c87b48",
          "title": "mouse operations",
          "fullFile": "",
          "file": "",
          "beforeHooks": [],
          "afterHooks": [],
          "tests": [
            {
              "title": "mousehover",
              "fullTitle": "mouse operations mousehover",
              "timedOut": null,
              "duration": 0,
              "state": "pending",
              "speed": null,
              "pass": false,
              "fail": false,
              "pending": true,
              "context": null,
              "code": "cy.visit(\"https://demo.opencart.com/\");\n//the elements shouldn't be visible\ncy.get('body > main:nth-child(3) > div:nth-child(1) > nav:nth-child(1) > div:nth-child(3) > ul:nth-child(1) > li:nth-child(1) > div:nth-child(2) > div:nth-child(1) > ul:nth-child(1) > li:nth-child(1) > a:nth-child(1)').should('not.be.visible');\ncy.get(\"body > main:nth-child(3) > div:nth-child(1) > nav:nth-child(1) > div:nth-child(3) > ul:nth-child(1) > li:nth-child(1) > div:nth-child(2) > div:nth-child(1) > ul:nth-child(1) > li:nth-child(2) > a:nth-child(1)\").should('not.be.visible');\n//trigger is used to perform mousehover\ncy.get('.nav > :nth-child(1) > .dropdown-toggle').trigger('mouseover').click();\n//after the moverover the element should be visible\ncy.get('body > main:nth-child(3) > div:nth-child(1) > nav:nth-child(1) > div:nth-child(3) > ul:nth-child(1) > li:nth-child(1) > div:nth-child(2) > div:nth-child(1) > ul:nth-child(1) > li:nth-child(1) > a:nth-child(1)').should('be.visible');\ncy.get(\"body > main:nth-child(3) > div:nth-child(1) > nav:nth-child(1) > div:nth-child(3) > ul:nth-child(1) > li:nth-child(1) > div:nth-child(2) > div:nth-child(1) > ul:nth-child(1) > li:nth-child(2) > a:nth-child(1)\").should('be.visible');",
              "err": {},
              "uuid": "faa75cc9-a37f-4afc-97d2-817f31d64153",
              "parentUUID": "274c7457-9a90-4d33-b3a6-d79fc1c87b48",
              "isHook": false,
              "skipped": false
            },
            {
              "title": "right click action approach1",
              "fullTitle": "mouse operations right click action approach1",
              "timedOut": null,
              "duration": 0,
              "state": "pending",
              "speed": null,
              "pass": false,
              "fail": false,
              "pending": true,
              "context": null,
              "code": "cy.visit(\"http://swisnl.github.io/jQuery-contextMenu/demo.html\");\ncy.get(\"[class='context-menu-one btn btn-neutral']\").trigger('contextmenu');\ncy.get(\"[class='context-menu-item context-menu-icon context-menu-icon-edit']\").should('be.visible');\ncy.get(\"[class='context-menu-item context-menu-icon context-menu-icon-cut']\").should('be.visible');\ncy.get(\"[class='context-menu-item context-menu-icon context-menu-icon-copy']\").should('be.visible');\ncy.get(\"[class='context-menu-item context-menu-icon context-menu-icon-paste']\").should('be.visible');\ncy.get(\"[class='context-menu-item context-menu-icon context-menu-icon-delete']\").should('be.visible');\ncy.get(\"[class='context-menu-item context-menu-icon context-menu-icon-quit']\").should('be.visible');",
              "err": {},
              "uuid": "36a82e85-84d9-4505-8c1d-c4599475b6fc",
              "parentUUID": "274c7457-9a90-4d33-b3a6-d79fc1c87b48",
              "isHook": false,
              "skipped": false
            },
            {
              "title": "right click action approach2",
              "fullTitle": "mouse operations right click action approach2",
              "timedOut": null,
              "duration": 0,
              "state": "pending",
              "speed": null,
              "pass": false,
              "fail": false,
              "pending": true,
              "context": null,
              "code": "cy.visit(\"http://swisnl.github.io/jQuery-contextMenu/demo.html\");\ncy.get(\"[class='context-menu-one btn btn-neutral']\").rightclick();",
              "err": {},
              "uuid": "709383b8-8c5e-4002-95d1-9e5a10a2a1b8",
              "parentUUID": "274c7457-9a90-4d33-b3a6-d79fc1c87b48",
              "isHook": false,
              "skipped": false
            },
            {
              "title": "double click action",
              "fullTitle": "mouse operations double click action",
              "timedOut": null,
              "duration": 0,
              "state": "pending",
              "speed": null,
              "pass": false,
              "fail": false,
              "pending": true,
              "context": null,
              "code": "cy.visit(\"https://www.w3schools.com/tags/tryit.asp?filename=tryhtml5_env_ondbclick3\");\n//we can either use the trigger method of the doubleclick() methond\ncy.get('get an  element. at the moment i dont have the website').dbclick();",
              "err": {},
              "uuid": "1db5fe0d-20e9-40ef-9b9b-9a40843fb617",
              "parentUUID": "274c7457-9a90-4d33-b3a6-d79fc1c87b48",
              "isHook": false,
              "skipped": false
            },
            {
              "title": "drag and drop using plugin",
              "fullTitle": "mouse operations drag and drop using plugin",
              "timedOut": null,
              "duration": 0,
              "state": "pending",
              "speed": null,
              "pass": false,
              "fail": false,
              "pending": true,
              "context": null,
              "code": "//use of a plugin\ncy.visit(\"http://dhtmlgoodies.com/scripts/drag-drop-custom/demo-drag-drop-3.html\");\ncy.get(\"#box2\").drag(\"#box106\", {\n  force: true\n});",
              "err": {},
              "uuid": "c48f040d-abdb-4eeb-9ed7-b94745dbdccb",
              "parentUUID": "274c7457-9a90-4d33-b3a6-d79fc1c87b48",
              "isHook": false,
              "skipped": false
            },
            {
              "title": "scrolling a page",
              "fullTitle": "mouse operations scrolling a page",
              "timedOut": null,
              "duration": 16636,
              "state": "passed",
              "speed": "slow",
              "pass": true,
              "fail": false,
              "pending": false,
              "context": null,
              "code": "cy.visit(\"http://countries-ofthe-world.com/flags-of-the-world.html\");\ncy.get(':nth-child(1) > tbody > :nth-child(21) > :nth-child(1) > img').scrollIntoView({\n  duration: 2000\n});\ncy.get(':nth-child(1) > tbody > :nth-child(21) > :nth-child(1) > img').should('be.visible');\n//scrolling up \ncy.get(':nth-child(1) > tbody > :nth-child(4) > :nth-child(1) > img').scrollIntoView({\n  duration: 2000\n});\ncy.get(':nth-child(1) > tbody > :nth-child(4) > :nth-child(1) > img').should('be.visible');\n//scrolling to the end\ncy.get(\"#footer\").scrollIntoView({\n  duration: 2000\n});",
              "err": {},
              "uuid": "5b75ad5d-8b81-4e99-9713-12779cc5977b",
              "parentUUID": "274c7457-9a90-4d33-b3a6-d79fc1c87b48",
              "isHook": false,
              "skipped": false
            }
          ],
          "suites": [],
          "passes": [
            "5b75ad5d-8b81-4e99-9713-12779cc5977b"
          ],
          "failures": [],
          "pending": [
            "faa75cc9-a37f-4afc-97d2-817f31d64153",
            "36a82e85-84d9-4505-8c1d-c4599475b6fc",
            "709383b8-8c5e-4002-95d1-9e5a10a2a1b8",
            "1db5fe0d-20e9-40ef-9b9b-9a40843fb617",
            "c48f040d-abdb-4eeb-9ed7-b94745dbdccb"
          ],
          "skipped": [],
          "duration": 16636,
          "root": false,
          "rootEmpty": false,
          "_timeout": 2000
        }
      ],
      "passes": [],
      "failures": [],
      "pending": [],
      "skipped": [],
      "duration": 0,
      "root": true,
      "rootEmpty": true,
      "_timeout": 2000
    }
  ],
  "meta": {
    "mocha": {
      "version": "7.0.1"
    },
    "mochawesome": {
      "options": {
        "quiet": false,
        "reportFilename": "mochawesome",
        "saveHtml": false,
        "saveJson": true,
        "consoleReporter": "spec",
        "useInlineDiffs": false,
        "code": true
      },
      "version": "7.1.3"
    },
    "marge": {
      "options": {
        "overwrite": false,
        "html": false,
        "json": true,
        "reportDir": "cypress\\reports\\html\\.jsons"
      },
      "version": "6.2.0"
    }
  }
}