{
  "stats": {
    "suites": 1,
    "tests": 1,
    "passes": 1,
    "pending": 0,
    "failures": 0,
    "start": "2024-04-22T09:20:12.760Z",
    "end": "2024-04-22T09:20:22.882Z",
    "duration": 10122,
    "testsRegistered": 1,
    "passPercent": 100,
    "pendingPercent": 0,
    "other": 0,
    "hasOther": false,
    "skipped": 0,
    "hasSkipped": false
  },
  "results": [
    {
      "uuid": "2a3741da-969f-491d-a57b-677e3551f3ee",
      "title": "",
      "fullFile": "cypress\\e2e\\customCommands.cy.js",
      "file": "cypress\\e2e\\customCommands.cy.js",
      "beforeHooks": [],
      "afterHooks": [],
      "tests": [],
      "suites": [
        {
          "uuid": "62778567-5eb1-43ed-bc30-6c8be85f59a2",
          "title": "custom commands",
          "fullFile": "",
          "file": "",
          "beforeHooks": [],
          "afterHooks": [],
          "tests": [
            {
              "title": "create a custom login",
              "fullTitle": "custom commands create a custom login",
              "timedOut": null,
              "duration": 4494,
              "state": "passed",
              "speed": "fast",
              "pass": true,
              "fail": false,
              "pending": false,
              "context": null,
              "code": "cy.clickLink('Log in');\ncy.login_command(\"adwoafaith49@gmail.com\", \"demoapp\");",
              "err": {},
              "uuid": "d617b671-00e3-4366-a8e1-8530fe004558",
              "parentUUID": "62778567-5eb1-43ed-bc30-6c8be85f59a2",
              "isHook": false,
              "skipped": false
            }
          ],
          "suites": [],
          "passes": [
            "d617b671-00e3-4366-a8e1-8530fe004558"
          ],
          "failures": [],
          "pending": [],
          "skipped": [],
          "duration": 4494,
          "root": false,
          "rootEmpty": false,
          "_timeout": 2000
        }
      ],
      "passes": [],
      "failures": [],
      "pending": [],
      "skipped": [],
      "duration": 0,
      "root": true,
      "rootEmpty": true,
      "_timeout": 2000
    }
  ],
  "meta": {
    "mocha": {
      "version": "7.0.1"
    },
    "mochawesome": {
      "options": {
        "quiet": false,
        "reportFilename": "mochawesome",
        "saveHtml": false,
        "saveJson": true,
        "consoleReporter": "spec",
        "useInlineDiffs": false,
        "code": true
      },
      "version": "7.1.3"
    },
    "marge": {
      "options": {
        "overwrite": false,
        "html": false,
        "json": true,
        "reportDir": "cypress\\reports\\html\\.jsons"
      },
      "version": "6.2.0"
    }
  }
}