{
  "stats": {
    "suites": 1,
    "tests": 1,
    "passes": 1,
    "pending": 0,
    "failures": 0,
    "start": "2024-04-22T09:17:29.871Z",
    "end": "2024-04-22T09:17:59.868Z",
    "duration": 29997,
    "testsRegistered": 1,
    "passPercent": 100,
    "pendingPercent": 0,
    "other": 0,
    "hasOther": false,
    "skipped": 0,
    "hasSkipped": false
  },
  "results": [
    {
      "uuid": "c29ad9c1-441f-4a60-99f2-4b1b338e5e4a",
      "title": "",
      "fullFile": "cypress\\e2e\\CSSLocators.cy.js",
      "file": "cypress\\e2e\\CSSLocators.cy.js",
      "beforeHooks": [],
      "afterHooks": [],
      "tests": [],
      "suites": [
        {
          "uuid": "70b1ebe3-d440-41c7-aa4e-b1c81d980eed",
          "title": "my locators",
          "fullFile": "",
          "file": "",
          "beforeHooks": [],
          "afterHooks": [],
          "tests": [
            {
              "title": "check locator",
              "fullTitle": "my locators check locator",
              "timedOut": null,
              "duration": 25156,
              "state": "passed",
              "speed": "slow",
              "pass": true,
              "fail": false,
              "pending": false,
              "context": null,
              "code": "cy.visit('https://opensource-demo.orangehrmlive.com/web/index.php');\ncy.get(\"[name='username']\").type(\"Admin\");\ncy.get(\"[name='password']\").type(\"admin123\");\n//cy.get(\"[placeholder='Password']\").type(\"admin123\")\ncy.get(\"[type='submit']\").click();\ncy.url().should('include', '/dashboard');",
              "err": {},
              "uuid": "360ee1a7-9162-4bb9-8950-5d32f00c09d5",
              "parentUUID": "70b1ebe3-d440-41c7-aa4e-b1c81d980eed",
              "isHook": false,
              "skipped": false
            }
          ],
          "suites": [],
          "passes": [
            "360ee1a7-9162-4bb9-8950-5d32f00c09d5"
          ],
          "failures": [],
          "pending": [],
          "skipped": [],
          "duration": 25156,
          "root": false,
          "rootEmpty": false,
          "_timeout": 2000
        }
      ],
      "passes": [],
      "failures": [],
      "pending": [],
      "skipped": [],
      "duration": 0,
      "root": true,
      "rootEmpty": true,
      "_timeout": 2000
    }
  ],
  "meta": {
    "mocha": {
      "version": "7.0.1"
    },
    "mochawesome": {
      "options": {
        "quiet": false,
        "reportFilename": "mochawesome",
        "saveHtml": false,
        "saveJson": true,
        "consoleReporter": "spec",
        "useInlineDiffs": false,
        "code": true
      },
      "version": "7.1.3"
    },
    "marge": {
      "options": {
        "overwrite": false,
        "html": false,
        "json": true,
        "reportDir": "cypress\\reports\\html\\.jsons"
      },
      "version": "6.2.0"
    }
  }
}